<?xml version="1.0" encoding="UTF-8"?>
<!-- Generated by org.testng.reporters.JUnitReportReporter -->
<testsuite hostname="TYUDM" failures="1" tests="6" name="com.Orange.Education.TestTask" time="9.326" errors="0" timestamp="8 Jul 2020 13:10:52 GMT">
  <testcase classname="com.Orange.Education.TestTask" name="JSExecutorTest" time="2.342"/>
  <testcase classname="com.Orange.Education.TestTask" name="CorrectLogin" time="4.560"/>
  <testcase classname="com.Orange.Education.TestTask" name="ForgotPassword" time="0.004"/>
  <testcase classname="com.Orange.Education.TestTask" name="CheckTheTitle" time="0.277"/>
  <testcase classname="com.Orange.Education.TestTask" name="CheckTheText" time="0.415"/>
  <testcase classname="com.Orange.Education.TestTask" name="CheckTheActiveButton" time="1.728">
    <failure message="Cannot find entry for fieldName: &#039;loginbt&#039;" type="java.lang.RuntimeException">
      <![CDATA[java.lang.RuntimeException: Cannot find entry for fieldName: 'loginbt'
	at Data.Elements.getEntryForElementName(Elements.java:39)
	at Pages.Page.getXpath(Page.java:39)
	at Pages.Page.getElement(Page.java:34)
	at Pages.Page.CheckTheColor(Page.java:68)
	at com.Orange.Education.TestTask.CheckTheActiveButton(TestTask.java:71)
	at java.base/jdk.internal.reflect.NativeMethodAccessorImpl.invoke0(Native Method)
	at java.base/jdk.internal.reflect.NativeMethodAccessorImpl.invoke(NativeMethodAccessorImpl.java:62)
	at java.base/jdk.internal.reflect.DelegatingMethodAccessorImpl.invoke(DelegatingMethodAccessorImpl.java:43)
	at java.base/java.lang.reflect.Method.invoke(Method.java:566)
	at org.testng.internal.MethodInvocationHelper.invokeMethod(MethodInvocationHelper.java:80)
	at org.testng.internal.Invoker.invokeMethod(Invoker.java:714)
	at org.testng.internal.Invoker.invokeTestMethod(Invoker.java:901)
	at org.testng.internal.Invoker.invokeTestMethods(Invoker.java:1231)
	at org.testng.internal.TestMethodWorker.invokeTestMethods(TestMethodWorker.java:127)
	at org.testng.internal.TestMethodWorker.run(TestMethodWorker.java:111)
	at org.testng.TestRunner.privateRun(TestRunner.java:767)
	at org.testng.TestRunner.run(TestRunner.java:617)
	at org.testng.SuiteRunner.runTest(SuiteRunner.java:334)
	at org.testng.SuiteRunner.access$000(SuiteRunner.java:37)
	at org.testng.SuiteRunner$SuiteWorker.run(SuiteRunner.java:368)
	at org.testng.internal.thread.ThreadUtil$2.call(ThreadUtil.java:64)
	at java.base/java.util.concurrent.FutureTask.run(FutureTask.java:264)
	at java.base/java.util.concurrent.ThreadPoolExecutor.runWorker(ThreadPoolExecutor.java:1128)
	at java.base/java.util.concurrent.ThreadPoolExecutor$Worker.run(ThreadPoolExecutor.java:628)
	at java.base/java.lang.Thread.run(Thread.java:834)
]]>
    </failure>
  </testcase> <!-- CheckTheActiveButton -->
</testsuite> <!-- com.Orange.Education.TestTask -->
