<?xml version="1.0" encoding="UTF-8"?>
<testng-results total="3" passed="2" failed="0" skipped="1">
  <reporter-output>
  </reporter-output>
  <suite started-at="2020-07-09T09:54:10Z" name="Suite3" finished-at="2020-07-09T09:54:32Z" duration-ms="21996">
    <groups>
    </groups>
    <test started-at="2020-07-09T09:54:10Z" name="GridIE" finished-at="2020-07-09T09:54:11Z" duration-ms="1338">
      <class name="com.Orange.Education.GridExamples.StandAloneExample">
        <test-method is-config="true" signature="setUpRemote(java.lang.String)[pri:0, instance:com.Orange.Education.GridExamples.StandAloneExample@19ee1ae6]" started-at="2020-07-09T12:54:10Z" name="setUpRemote" finished-at="2020-07-09T12:54:10Z" duration-ms="0" status="FAIL">
          <params>
            <param index="0">
              <value>
                <![CDATA[IE]]>
              </value>
            </param>
          </params>
          <exception class="org.openqa.selenium.WebDriverException">
            <message>
              <![CDATA[First match w3c capabilities is zero length
Command duration or timeout: 152 milliseconds]]>
            </message>
            <full-stacktrace>
              <![CDATA[org.openqa.selenium.WebDriverException: First match w3c capabilities is zero length
Command duration or timeout: 152 milliseconds
	at java.base/jdk.internal.reflect.NativeConstructorAccessorImpl.newInstance0(Native Method)
	at java.base/jdk.internal.reflect.NativeConstructorAccessorImpl.newInstance(NativeConstructorAccessorImpl.java:62)
	at java.base/jdk.internal.reflect.DelegatingConstructorAccessorImpl.newInstance(DelegatingConstructorAccessorImpl.java:45)
	at java.base/java.lang.reflect.Constructor.newInstance(Constructor.java:490)
	at org.openqa.selenium.remote.ErrorHandler.createThrowable(ErrorHandler.java:215)
	at org.openqa.selenium.remote.ErrorHandler.throwIfResponseFailed(ErrorHandler.java:167)
	at org.openqa.selenium.remote.JsonWireProtocolResponse.lambda$new$0(JsonWireProtocolResponse.java:53)
	at org.openqa.selenium.remote.JsonWireProtocolResponse.lambda$getResponseFunction$2(JsonWireProtocolResponse.java:91)
	at org.openqa.selenium.remote.ProtocolHandshake.lambda$createSession$22(ProtocolHandshake.java:365)
	at java.base/java.util.stream.ReferencePipeline$3$1.accept(ReferencePipeline.java:195)
	at java.base/java.util.Spliterators$ArraySpliterator.tryAdvance(Spliterators.java:958)
	at java.base/java.util.stream.ReferencePipeline.forEachWithCancel(ReferencePipeline.java:127)
	at java.base/java.util.stream.AbstractPipeline.copyIntoWithCancel(AbstractPipeline.java:502)
	at java.base/java.util.stream.AbstractPipeline.copyInto(AbstractPipeline.java:488)
	at java.base/java.util.stream.AbstractPipeline.wrapAndCopyInto(AbstractPipeline.java:474)
	at java.base/java.util.stream.FindOps$FindOp.evaluateSequential(FindOps.java:150)
	at java.base/java.util.stream.AbstractPipeline.evaluate(AbstractPipeline.java:234)
	at java.base/java.util.stream.ReferencePipeline.findFirst(ReferencePipeline.java:543)
	at org.openqa.selenium.remote.ProtocolHandshake.createSession(ProtocolHandshake.java:368)
	at org.openqa.selenium.remote.ProtocolHandshake.createSession(ProtocolHandshake.java:159)
	at org.openqa.selenium.remote.HttpCommandExecutor.execute(HttpCommandExecutor.java:142)
	at org.openqa.selenium.remote.RemoteWebDriver.execute(RemoteWebDriver.java:637)
	at org.openqa.selenium.remote.RemoteWebDriver.startSession(RemoteWebDriver.java:250)
	at org.openqa.selenium.remote.RemoteWebDriver.startSession(RemoteWebDriver.java:236)
	at org.openqa.selenium.remote.RemoteWebDriver.<init>(RemoteWebDriver.java:137)
	at org.openqa.selenium.remote.RemoteWebDriver.<init>(RemoteWebDriver.java:174)
	at com.Orange.Education.GridExamples.GridWebDriverSettings.setUpRemote(GridWebDriverSettings.java:40)
	at java.base/jdk.internal.reflect.NativeMethodAccessorImpl.invoke0(Native Method)
	at java.base/jdk.internal.reflect.NativeMethodAccessorImpl.invoke(NativeMethodAccessorImpl.java:62)
	at java.base/jdk.internal.reflect.DelegatingMethodAccessorImpl.invoke(DelegatingMethodAccessorImpl.java:43)
	at java.base/java.lang.reflect.Method.invoke(Method.java:566)
	at org.testng.internal.MethodInvocationHelper.invokeMethod(MethodInvocationHelper.java:80)
	at org.testng.internal.Invoker.invokeConfigurationMethod(Invoker.java:564)
	at org.testng.internal.Invoker.invokeConfigurations(Invoker.java:213)
	at org.testng.internal.Invoker.invokeConfigurations(Invoker.java:138)
	at org.testng.TestRunner.beforeRun(TestRunner.java:641)
	at org.testng.TestRunner.run(TestRunner.java:609)
	at org.testng.SuiteRunner.runTest(SuiteRunner.java:334)
	at org.testng.SuiteRunner.access$000(SuiteRunner.java:37)
	at org.testng.SuiteRunner$SuiteWorker.run(SuiteRunner.java:368)
	at org.testng.internal.thread.ThreadUtil$2.call(ThreadUtil.java:64)
	at java.base/java.util.concurrent.FutureTask.run(FutureTask.java:264)
	at java.base/java.util.concurrent.ThreadPoolExecutor.runWorker(ThreadPoolExecutor.java:1128)
	at java.base/java.util.concurrent.ThreadPoolExecutor$Worker.run(ThreadPoolExecutor.java:628)
	at java.base/java.lang.Thread.run(Thread.java:834)
Caused by: org.openqa.selenium.WebDriverException: First match w3c capabilities is zero length
Build info: version: '3.4.0', revision: 'unknown', time: 'unknown'
System info: host: 'TYUDM', ip: '192.168.1.154', os.name: 'Windows 7', os.arch: 'amd64', os.version: '6.1', java.version: '11.0.5'
Driver info: driver.version: unknown
	at org.openqa.selenium.remote.NewSessionPayload.validate(NewSessionPayload.java:172)
	at org.openqa.selenium.remote.NewSessionPayload.<init>(NewSessionPayload.java:154)
	at org.openqa.selenium.remote.NewSessionPayload.create(NewSessionPayload.java:105)
	at org.openqa.selenium.remote.server.commandhandler.BeginSession.execute(BeginSession.java:64)
	at org.openqa.selenium.remote.server.WebDriverServlet.lambda$handle$0(WebDriverServlet.java:235)
	at java.util.concurrent.Executors$RunnableAdapter.call(Executors.java:515)
	at java.util.concurrent.FutureTask.run(FutureTask.java:264)
	at java.util.concurrent.ThreadPoolExecutor.runWorker(ThreadPoolExecutor.java:1128)
	at java.util.concurrent.ThreadPoolExecutor$Worker.run(ThreadPoolExecutor.java:628)
	at java.lang.Thread.run(Thread.java:834)
]]>
            </full-stacktrace>
          </exception> <!-- org.openqa.selenium.WebDriverException -->
          <reporter-output>
          </reporter-output>
        </test-method> <!-- setUpRemote -->
        <test-method is-config="true" signature="createObject()[pri:0, instance:com.Orange.Education.GridExamples.StandAloneExample@19ee1ae6]" started-at="2020-07-09T12:54:11Z" name="createObject" finished-at="2020-07-09T12:54:11Z" depends-on-methods="com.Orange.Education.GridExamples.GridWebDriverSettings.setUpRemote" duration-ms="0" status="SKIP">
          <reporter-output>
          </reporter-output>
        </test-method> <!-- createObject -->
        <test-method signature="JSExecutorTest()[pri:0, instance:com.Orange.Education.GridExamples.StandAloneExample@19ee1ae6]" started-at="2020-07-09T12:54:11Z" name="JSExecutorTest" finished-at="2020-07-09T12:54:11Z" duration-ms="73" status="SKIP">
          <reporter-output>
          </reporter-output>
        </test-method> <!-- JSExecutorTest -->
        <test-method is-config="true" signature="TearDown()[pri:0, instance:com.Orange.Education.GridExamples.StandAloneExample@19ee1ae6]" started-at="2020-07-09T12:54:11Z" name="TearDown" finished-at="2020-07-09T12:54:11Z" duration-ms="0" status="SKIP">
          <reporter-output>
          </reporter-output>
        </test-method> <!-- TearDown -->
      </class> <!-- com.Orange.Education.GridExamples.StandAloneExample -->
    </test> <!-- GridIE -->
    <test started-at="2020-07-09T09:54:10Z" name="GridChrome" finished-at="2020-07-09T09:54:26Z" duration-ms="15736">
      <class name="com.Orange.Education.GridExamples.StandAloneExample">
        <test-method is-config="true" signature="setUpRemote(java.lang.String)[pri:0, instance:com.Orange.Education.GridExamples.StandAloneExample@74d3b638]" started-at="2020-07-09T12:54:10Z" name="setUpRemote" finished-at="2020-07-09T12:54:15Z" duration-ms="4799" status="PASS">
          <params>
            <param index="0">
              <value>
                <![CDATA[chrome]]>
              </value>
            </param>
          </params>
          <reporter-output>
          </reporter-output>
        </test-method> <!-- setUpRemote -->
        <test-method is-config="true" signature="createObject()[pri:0, instance:com.Orange.Education.GridExamples.StandAloneExample@74d3b638]" started-at="2020-07-09T12:54:15Z" name="createObject" finished-at="2020-07-09T12:54:15Z" depends-on-methods="com.Orange.Education.GridExamples.GridWebDriverSettings.setUpRemote" duration-ms="5" status="PASS">
          <reporter-output>
          </reporter-output>
        </test-method> <!-- createObject -->
        <test-method signature="JSExecutorTest()[pri:0, instance:com.Orange.Education.GridExamples.StandAloneExample@74d3b638]" started-at="2020-07-09T12:54:15Z" name="JSExecutorTest" finished-at="2020-07-09T12:54:25Z" duration-ms="10556" status="PASS">
          <reporter-output>
          </reporter-output>
        </test-method> <!-- JSExecutorTest -->
        <test-method is-config="true" signature="TearDown()[pri:0, instance:com.Orange.Education.GridExamples.StandAloneExample@74d3b638]" started-at="2020-07-09T12:54:25Z" name="TearDown" finished-at="2020-07-09T12:54:26Z" duration-ms="352" status="PASS">
          <reporter-output>
          </reporter-output>
        </test-method> <!-- TearDown -->
      </class> <!-- com.Orange.Education.GridExamples.StandAloneExample -->
    </test> <!-- GridChrome -->
    <test started-at="2020-07-09T09:54:10Z" name="GridFF" finished-at="2020-07-09T09:54:32Z" duration-ms="21996">
      <class name="com.Orange.Education.GridExamples.StandAloneExample">
        <test-method is-config="true" signature="setUpRemote(java.lang.String)[pri:0, instance:com.Orange.Education.GridExamples.StandAloneExample@4cb40e3b]" started-at="2020-07-09T12:54:10Z" name="setUpRemote" finished-at="2020-07-09T12:54:17Z" duration-ms="6961" status="PASS">
          <params>
            <param index="0">
              <value>
                <![CDATA[firefox]]>
              </value>
            </param>
          </params>
          <reporter-output>
          </reporter-output>
        </test-method> <!-- setUpRemote -->
        <test-method is-config="true" signature="createObject()[pri:0, instance:com.Orange.Education.GridExamples.StandAloneExample@4cb40e3b]" started-at="2020-07-09T12:54:17Z" name="createObject" finished-at="2020-07-09T12:54:17Z" depends-on-methods="com.Orange.Education.GridExamples.GridWebDriverSettings.setUpRemote" duration-ms="0" status="PASS">
          <reporter-output>
          </reporter-output>
        </test-method> <!-- createObject -->
        <test-method signature="JSExecutorTest()[pri:0, instance:com.Orange.Education.GridExamples.StandAloneExample@4cb40e3b]" started-at="2020-07-09T12:54:17Z" name="JSExecutorTest" finished-at="2020-07-09T12:54:26Z" duration-ms="8941" status="PASS">
          <reporter-output>
          </reporter-output>
        </test-method> <!-- JSExecutorTest -->
        <test-method is-config="true" signature="TearDown()[pri:0, instance:com.Orange.Education.GridExamples.StandAloneExample@4cb40e3b]" started-at="2020-07-09T12:54:26Z" name="TearDown" finished-at="2020-07-09T12:54:32Z" duration-ms="6076" status="PASS">
          <reporter-output>
          </reporter-output>
        </test-method> <!-- TearDown -->
      </class> <!-- com.Orange.Education.GridExamples.StandAloneExample -->
    </test> <!-- GridFF -->
  </suite> <!-- Suite3 -->
</testng-results>
